SmsListenerApp/app/build/intermediates/manifest_merge_blame_file/debug/manifest-merger-blame-debug-report.txt
1<?xml version="1.0" encoding="utf-8"?>
2<manifest xmlns:android="http://schemas.android.com/apk/res/android"
3    package="com.brondol.smslistenerapp"
4    android:versionCode="1"
5    android:versionName="1.0" >
6
7    <uses-sdk
8        android:minSdkVersion="21"
8-->src/main/AndroidManifest.xml
9        android:targetSdkVersion="30" />
9-->src/main/AndroidManifest.xml
10
11    <uses-permission android:name="android.permission.RECEIVE_SMS" />
11-->src/main/AndroidManifest.xml:4:5-70
11-->src/main/AndroidManifest.xml:4:22-67
12    <uses-permission android:name="android.permission.READ_SMS" />
12-->src/main/AndroidManifest.xml:5:5-67
12-->src/main/AndroidManifest.xml:5:22-64
13
14    <application
14-->src/main/AndroidManifest.xml:6:5-28:19
15        android:allowBackup="true"
15-->src/main/AndroidManifest.xml:7:9-35
16        android:appComponentFactory="androidx.core.app.CoreComponentFactory"
16-->[androidx.core:core:1.3.1] AndroidManifest.xml:24:18-86
17        android:debuggable="true"
18        android:icon="@mipmap/ic_launcher"
18-->src/main/AndroidManifest.xml:8:9-43
19        android:label="@string/app_name"
19-->src/main/AndroidManifest.xml:9:9-41
20        android:supportsRtl="true"
20-->src/main/AndroidManifest.xml:10:9-35
21        android:testOnly="true"
22        android:theme="@style/AppTheme" >
22-->src/main/AndroidManifest.xml:11:9-40
23        <activity android:name="com.brondol.smslistenerapp.MainActivity" >
23-->src/main/AndroidManifest.xml:12:9-17:20
23-->src/main/AndroidManifest.xml:12:19-47
24            <intent-filter>
24-->src/main/AndroidManifest.xml:13:13-16:29
25                <action android:name="android.intent.action.MAIN" />
25-->src/main/AndroidManifest.xml:14:17-69
25-->src/main/AndroidManifest.xml:14:25-66
26
27                <category android:name="android.intent.category.LAUNCHER" />
27-->src/main/AndroidManifest.xml:15:17-77
27-->src/main/AndroidManifest.xml:15:27-74
28            </intent-filter>
29        </activity>
30        <activity
30-->src/main/AndroidManifest.xml:18:9-19:54
31            android:name="com.brondol.smslistenerapp.SmsReceiverActivity"
31-->src/main/AndroidManifest.xml:18:19-54
32            android:theme="@style/SmsReceiverTheme" />
32-->src/main/AndroidManifest.xml:19:13-52
33
34        <receiver
34-->src/main/AndroidManifest.xml:20:9-27:20
35            android:name="com.brondol.smslistenerapp.SmsReceiver"
35-->src/main/AndroidManifest.xml:21:13-40
36            android:enabled="true"
36-->src/main/AndroidManifest.xml:22:13-35
37            android:exported="true" >
37-->src/main/AndroidManifest.xml:23:13-36
38            <intent-filter>
38-->src/main/AndroidManifest.xml:24:13-26:29
39                <action android:name="android.provider.Telephony.SMS_RECEIVED" />
39-->src/main/AndroidManifest.xml:25:17-82
39-->src/main/AndroidManifest.xml:25:25-79
40            </intent-filter>
41        </receiver>
42    </application>
43
44</manifest>